Using pre-set license
Built from '2022.3/staging' branch; Version is '2022.3.10f1 (ff3792e53c62) revision 16725906'; Using compiler version '192829333'; Build Type 'Release'
OS: 'Windows 11  (10.0.22631) 64bit Professional' Language: 'en' Physical Memory: 65246 MB
BatchMode: 1, IsHumanControllingUs: 0, StartBugReporterOnCrash: 0, Is64bit: 1, IsPro: 1

COMMAND LINE ARGUMENTS:
C:\Program Files\Unity\Hub\Editor\2022.3.10f1\Editor\Unity.exe
-adb2
-batchMode
-noUpm
-name
AssetImportWorker4
-projectPath
C:/Users/karli/Trading Game (1)
-logFile
Logs/AssetImportWorker4.log
-srvPort
65278
Successfully changed project path to: C:/Users/karli/Trading Game (1)
C:/Users/karli/Trading Game (1)
[UnityMemory] Configuration Parameters - Can be set up in boot.config
    "memorysetup-bucket-allocator-granularity=16"
    "memorysetup-bucket-allocator-bucket-count=8"
    "memorysetup-bucket-allocator-block-size=33554432"
    "memorysetup-bucket-allocator-block-count=8"
    "memorysetup-main-allocator-block-size=16777216"
    "memorysetup-thread-allocator-block-size=16777216"
    "memorysetup-gfx-main-allocator-block-size=16777216"
    "memorysetup-gfx-thread-allocator-block-size=16777216"
    "memorysetup-cache-allocator-block-size=4194304"
    "memorysetup-typetree-allocator-block-size=2097152"
    "memorysetup-profiler-bucket-allocator-granularity=16"
    "memorysetup-profiler-bucket-allocator-bucket-count=8"
    "memorysetup-profiler-bucket-allocator-block-size=33554432"
    "memorysetup-profiler-bucket-allocator-block-count=8"
    "memorysetup-profiler-allocator-block-size=16777216"
    "memorysetup-profiler-editor-allocator-block-size=1048576"
    "memorysetup-temp-allocator-size-main=16777216"
    "memorysetup-job-temp-allocator-block-size=2097152"
    "memorysetup-job-temp-allocator-block-size-background=1048576"
    "memorysetup-job-temp-allocator-reduction-small-platforms=262144"
    "memorysetup-allocator-temp-initial-block-size-main=262144"
    "memorysetup-allocator-temp-initial-block-size-worker=262144"
    "memorysetup-temp-allocator-size-background-worker=32768"
    "memorysetup-temp-allocator-size-job-worker=262144"
    "memorysetup-temp-allocator-size-preload-manager=33554432"
    "memorysetup-temp-allocator-size-nav-mesh-worker=65536"
    "memorysetup-temp-allocator-size-audio-worker=65536"
    "memorysetup-temp-allocator-size-cloud-worker=32768"
    "memorysetup-temp-allocator-size-gi-baking-worker=262144"
    "memorysetup-temp-allocator-size-gfx=262144"
Player connection [25388] Host "[IP] 172.27.64.1 [Port] 0 [Flags] 2 [Guid] 99257376 [EditorId] 99257376 [Version] 1048832 [Id] WindowsEditor(7,B0X) [Debug] 1 [PackageName] WindowsEditor [ProjectName] Editor" joined multi-casting on [225.0.0.222:54997]...

Player connection [25388] Host "[IP] 172.27.64.1 [Port] 0 [Flags] 2 [Guid] 99257376 [EditorId] 99257376 [Version] 1048832 [Id] WindowsEditor(7,B0X) [Debug] 1 [PackageName] WindowsEditor [ProjectName] Editor" joined alternative multi-casting on [225.0.0.222:34997]...

[Physics::Module] Initialized MultithreadedJobDispatcher with 19 workers.
Refreshing native plugins compatible for Editor in 7.66 ms, found 4 plugins.
Preloading 0 native plugins for Editor in 0.00 ms.
Initialize engine version: 2022.3.10f1 (ff3792e53c62)
[Subsystems] Discovering subsystems at path C:/Program Files/Unity/Hub/Editor/2022.3.10f1/Editor/Data/Resources/UnitySubsystems
[Subsystems] Discovering subsystems at path C:/Users/karli/Trading Game (1)/Assets
GfxDevice: creating device client; threaded=0; jobified=0
Direct3D:
    Version:  Direct3D 11.0 [level 11.1]
    Renderer: NVIDIA GeForce RTX 3080 (ID=0x2216)
    Vendor:   NVIDIA
    VRAM:     10067 MB
    Driver:   31.0.15.4617
Initialize mono
Mono path[0] = 'C:/Program Files/Unity/Hub/Editor/2022.3.10f1/Editor/Data/Managed'
Mono path[1] = 'C:/Program Files/Unity/Hub/Editor/2022.3.10f1/Editor/Data/MonoBleedingEdge/lib/mono/unityjit-win32'
Mono config path = 'C:/Program Files/Unity/Hub/Editor/2022.3.10f1/Editor/Data/MonoBleedingEdge/etc'
Using monoOptions --debugger-agent=transport=dt_socket,embedding=1,server=y,suspend=n,address=127.0.0.1:56256
Begin MonoManager ReloadAssembly
Registering precompiled unity dll's ...
Register platform support module: C:/Program Files/Unity/Hub/Editor/2022.3.10f1/Editor/Data/PlaybackEngines/WindowsStandaloneSupport/UnityEditor.WindowsStandalone.Extensions.dll
Register platform support module: C:/Program Files/Unity/Hub/Editor/2022.3.10f1/Editor/Data/PlaybackEngines/MetroSupport/UnityEditor.UWP.Extensions.dll
Registered in 0.006571 seconds.
- Loaded All Assemblies, in  0.257 seconds
Native extension for UWP target not found
Native extension for WindowsStandalone target not found
Mono: successfully reloaded assembly
- Finished resetting the current domain, in  0.177 seconds
Domain Reload Profiling: 433ms
	BeginReloadAssembly (94ms)
		ExecutionOrderSort (0ms)
		DisableScriptedObjects (0ms)
		BackupInstance (0ms)
		ReleaseScriptingObjects (0ms)
		CreateAndSetChildDomain (1ms)
	RebuildCommonClasses (20ms)
	RebuildNativeTypeToScriptingClass (6ms)
	initialDomainReloadingComplete (39ms)
	LoadAllAssembliesAndSetupDomain (96ms)
		LoadAssemblies (91ms)
		RebuildTransferFunctionScriptingTraits (0ms)
		AnalyzeDomain (95ms)
			TypeCache.Refresh (94ms)
				TypeCache.ScanAssembly (84ms)
			ScanForSourceGeneratedMonoScriptInfo (0ms)
			ResolveRequiredComponents (0ms)
	FinalizeReload (177ms)
		ReleaseScriptCaches (0ms)
		RebuildScriptCaches (0ms)
		SetupLoadedEditorAssemblies (134ms)
			LogAssemblyErrors (0ms)
			InitializePlatformSupportModulesInManaged (7ms)
			SetLoadedEditorAssemblies (4ms)
			RefreshPlugins (0ms)
			BeforeProcessingInitializeOnLoad (2ms)
			ProcessInitializeOnLoadAttributes (88ms)
			ProcessInitializeOnLoadMethodAttributes (33ms)
			AfterProcessingInitializeOnLoad (0ms)
			EditorAssembliesLoaded (0ms)
		ExecutionOrderSort2 (0ms)
		AwakeInstancesAfterBackupRestoration (0ms)
========================================================================
Worker process is ready to serve import requests
Begin MonoManager ReloadAssembly
- Loaded All Assemblies, in  0.486 seconds
Refreshing native plugins compatible for Editor in 3.14 ms, found 4 plugins.
Native extension for UWP target not found
Native extension for WindowsStandalone target not found
Package Manager log level set to [2]
[Package Manager] Server::EnsureServerProcessIsRunning -- launch failed, reason: Unity was launched with the -noUpm command-line argument
[Package Manager] UpmClient::Send -- Unable to send message (not connected to UPM process).
[Package Manager] Cannot connect to Unity Package Manager local server
Mono: successfully reloaded assembly
- Finished resetting the current domain, in  0.542 seconds
Domain Reload Profiling: 1026ms
	BeginReloadAssembly (112ms)
		ExecutionOrderSort (0ms)
		DisableScriptedObjects (3ms)
		BackupInstance (0ms)
		ReleaseScriptingObjects (0ms)
		CreateAndSetChildDomain (16ms)
	RebuildCommonClasses (22ms)
	RebuildNativeTypeToScriptingClass (7ms)
	initialDomainReloadingComplete (30ms)
	LoadAllAssembliesAndSetupDomain (313ms)
		LoadAssemblies (263ms)
		RebuildTransferFunctionScriptingTraits (0ms)
		AnalyzeDomain (117ms)
			TypeCache.Refresh (98ms)
				TypeCache.ScanAssembly (86ms)
			ScanForSourceGeneratedMonoScriptInfo (15ms)
			ResolveRequiredComponents (3ms)
	FinalizeReload (543ms)
		ReleaseScriptCaches (0ms)
		RebuildScriptCaches (0ms)
		SetupLoadedEditorAssemblies (429ms)
			LogAssemblyErrors (0ms)
			InitializePlatformSupportModulesInManaged (5ms)
			SetLoadedEditorAssemblies (3ms)
			RefreshPlugins (0ms)
			BeforeProcessingInitializeOnLoad (52ms)
			ProcessInitializeOnLoadAttributes (338ms)
			ProcessInitializeOnLoadMethodAttributes (26ms)
			AfterProcessingInitializeOnLoad (5ms)
			EditorAssembliesLoaded (0ms)
		ExecutionOrderSort2 (0ms)
		AwakeInstancesAfterBackupRestoration (5ms)
Launched and connected shader compiler UnityShaderCompiler.exe after 0.11 seconds
Refreshing native plugins compatible for Editor in 3.81 ms, found 4 plugins.
Preloading 0 native plugins for Editor in 0.00 ms.
Unloading 4065 Unused Serialized files (Serialized files now loaded: 0)
Unloading 62 unused Assets / (60.5 KB). Loaded Objects now: 4529.
Memory consumption went from 142.0 MB to 142.0 MB.
Total: 3.343200 ms (FindLiveObjects: 0.241900 ms CreateObjectMapping: 0.078400 ms MarkObjects: 2.881800 ms  DeleteObjects: 0.139500 ms)

AssetImportParameters requested are different than current active one (requested -> active):
  custom:container-demuxer-ogg: 62fdf1f143b41e24485cea50d1cbac27 -> 
  custom:video-codec-MediaFoundation-h265: 746d11721c4dcdbdad8f713fa42b33f4 -> 
  custom:video-decoder-ogg-theora: a1e56fd34408186e4bbccfd4996cb3dc -> 
  custom:framework-win-MediaFoundation: 216162199b28c13a410421893ffa2e32 -> 
  custom:CustomObjectIndexerAttribute: 756ad292c208cfabdd7b50bc23989ffe -> 
  custom:container-demuxer-webm: 4f35f7cbe854078d1ac9338744f61a02 -> 
  custom:container-muxer-webm: aa71ff27fc2769a1b78a27578f13a17b -> 
  custom:video-decoder-webm-vp8: 9c59270c3fd7afecdb556c50c9e8de78 -> 
  custom:SearchIndexIgnoredProperties: e643bd26f0fe6173181afceb89e7c659 -> 
  custom:AudioImporter_EditorPlatform: d09bf68614088b80899f8185d706f6e7 -> 
  custom:video-encoder-webm-vp8: eb34c28f22e8b96e1ab97ce403110664 -> 
  custom:audio-decoder-ogg-vorbis: bf7c407c2cedff20999df2af8eb42d56 -> 
  custom:audio-encoder-webm-vorbis: bf7c407c2cedff20999df2af8eb42d56 -> 
========================================================================
Received Import Request.
  Time since last request: 1359179.193869 seconds.
  path: Assets/Sprites/Character Icon.png
  artifactKey: Guid(a435c5302e528624091e55a432ca0a54) Importer(815301076,1909f56bfc062723c751e8b465ee728b)
Start importing Assets/Sprites/Character Icon.png using Guid(a435c5302e528624091e55a432ca0a54) Importer(815301076,1909f56bfc062723c751e8b465ee728b)  -> (artifact id: 'bb718f0c66cf3773410a989b917bf4fc') in 0.069463 seconds
Number of updated asset objects reloaded before import = 0
Number of asset objects unloaded after import = 3
========================================================================
Received Import Request.
  Time since last request: 6.375247 seconds.
  path: Assets/Sprites/Inventory Icon.png
  artifactKey: Guid(3aa9844e1a74a7d4f899b44b10d321a8) Importer(815301076,1909f56bfc062723c751e8b465ee728b)
Start importing Assets/Sprites/Inventory Icon.png using Guid(3aa9844e1a74a7d4f899b44b10d321a8) Importer(815301076,1909f56bfc062723c751e8b465ee728b)  -> (artifact id: 'bc4f820424850fddcb7fb2b320e7b0c6') in 0.014842 seconds
Number of updated asset objects reloaded before import = 0
Number of asset objects unloaded after import = 3
========================================================================
Received Import Request.
  Time since last request: 8.630776 seconds.
  path: Assets/Sprites/Quest Icon.png
  artifactKey: Guid(54e8a7059a8d151469c92db48e7a252e) Importer(815301076,1909f56bfc062723c751e8b465ee728b)
Start importing Assets/Sprites/Quest Icon.png using Guid(54e8a7059a8d151469c92db48e7a252e) Importer(815301076,1909f56bfc062723c751e8b465ee728b)  -> (artifact id: 'f34266abfdc97a28b5587b91f86f854a') in 0.011382 seconds
Number of updated asset objects reloaded before import = 0
Number of asset objects unloaded after import = 3
========================================================================
Received Import Request.
  Time since last request: 7.041004 seconds.
  path: Assets/Sprites/Map Icon.png
  artifactKey: Guid(1b7ae7ab3839dc7449fa0b46040f1355) Importer(815301076,1909f56bfc062723c751e8b465ee728b)
Start importing Assets/Sprites/Map Icon.png using Guid(1b7ae7ab3839dc7449fa0b46040f1355) Importer(815301076,1909f56bfc062723c751e8b465ee728b)  -> (artifact id: '7764acd3ad63d73b3e1e18f909c89085') in 0.008993 seconds
Number of updated asset objects reloaded before import = 0
Number of asset objects unloaded after import = 3
========================================================================
Received Import Request.
  Time since last request: 6.079432 seconds.
  path: Assets/Sprites/Balance Icon.png
  artifactKey: Guid(b8b6869e66a3716479eb9ba541eb2df0) Importer(815301076,1909f56bfc062723c751e8b465ee728b)
Start importing Assets/Sprites/Balance Icon.png using Guid(b8b6869e66a3716479eb9ba541eb2df0) Importer(815301076,1909f56bfc062723c751e8b465ee728b)  -> (artifact id: '5ef92a4b0adbb0b9286b205a7a6e3806') in 0.010503 seconds
Number of updated asset objects reloaded before import = 0
Number of asset objects unloaded after import = 3
========================================================================
Received Import Request.
  Time since last request: 4.480651 seconds.
  path: Assets/Sprites/Wiki Icon.png
  artifactKey: Guid(391d775ca73b20543925e77357d9742e) Importer(815301076,1909f56bfc062723c751e8b465ee728b)
Start importing Assets/Sprites/Wiki Icon.png using Guid(391d775ca73b20543925e77357d9742e) Importer(815301076,1909f56bfc062723c751e8b465ee728b)  -> (artifact id: 'b0fb237561284c83d18fc59bdd43209b') in 0.010540 seconds
Number of updated asset objects reloaded before import = 0
Number of asset objects unloaded after import = 3
========================================================================
Received Import Request.
  Time since last request: 4.919413 seconds.
  path: Assets/Sprites/Settings Icon.png
  artifactKey: Guid(19ba562beb3c0ab439da233984d7d6d2) Importer(815301076,1909f56bfc062723c751e8b465ee728b)
Start importing Assets/Sprites/Settings Icon.png using Guid(19ba562beb3c0ab439da233984d7d6d2) Importer(815301076,1909f56bfc062723c751e8b465ee728b)  -> (artifact id: 'b1fba172717b115305b588392adbc92d') in 0.008524 seconds
Number of updated asset objects reloaded before import = 0
Number of asset objects unloaded after import = 3
========================================================================
Received Import Request.
  Time since last request: 4.614896 seconds.
  path: Assets/Sprites/Search Icon.png
  artifactKey: Guid(e9f6dfa3651eb1646884b2b900411ee1) Importer(815301076,1909f56bfc062723c751e8b465ee728b)
Start importing Assets/Sprites/Search Icon.png using Guid(e9f6dfa3651eb1646884b2b900411ee1) Importer(815301076,1909f56bfc062723c751e8b465ee728b)  -> (artifact id: 'a8dca8c8503ab18cf620529c980f5426') in 0.010277 seconds
Number of updated asset objects reloaded before import = 0
Number of asset objects unloaded after import = 3
========================================================================
Received Import Request.
  Time since last request: 5.272225 seconds.
  path: Assets/Sprites/Money Icon.png
  artifactKey: Guid(9617d6e6b083f6042ac0e0f86a2746bf) Importer(815301076,1909f56bfc062723c751e8b465ee728b)
Start importing Assets/Sprites/Money Icon.png using Guid(9617d6e6b083f6042ac0e0f86a2746bf) Importer(815301076,1909f56bfc062723c751e8b465ee728b)  -> (artifact id: 'a59939444badcd7affffa798f28188f4') in 0.012040 seconds
Number of updated asset objects reloaded before import = 0
Number of asset objects unloaded after import = 3
========================================================================
Received Import Request.
  Time since last request: 4.297158 seconds.
  path: Assets/Sprites/Speed Icon.png
  artifactKey: Guid(783795f96e1178a4ca59bc4bcfc5994b) Importer(815301076,1909f56bfc062723c751e8b465ee728b)
Start importing Assets/Sprites/Speed Icon.png using Guid(783795f96e1178a4ca59bc4bcfc5994b) Importer(815301076,1909f56bfc062723c751e8b465ee728b)  -> (artifact id: '15381ce70cfc0adce3216e096ab843f5') in 0.016293 seconds
Number of updated asset objects reloaded before import = 0
Number of asset objects unloaded after import = 3
========================================================================
Received Import Request.
  Time since last request: 288.006584 seconds.
  path: Assets/Sprites/Character Icon.png
  artifactKey: Guid(a435c5302e528624091e55a432ca0a54) Importer(815301076,1909f56bfc062723c751e8b465ee728b)
Start importing Assets/Sprites/Character Icon.png using Guid(a435c5302e528624091e55a432ca0a54) Importer(815301076,1909f56bfc062723c751e8b465ee728b)  -> (artifact id: 'a7515f12adb30832382377fd33a3c602') in 0.012370 seconds
Number of updated asset objects reloaded before import = 0
Number of asset objects unloaded after import = 3
========================================================================
Received Import Request.
  Time since last request: 14.275518 seconds.
  path: Assets/Sprites/Money Icon.png
  artifactKey: Guid(9617d6e6b083f6042ac0e0f86a2746bf) Importer(815301076,1909f56bfc062723c751e8b465ee728b)
Start importing Assets/Sprites/Money Icon.png using Guid(9617d6e6b083f6042ac0e0f86a2746bf) Importer(815301076,1909f56bfc062723c751e8b465ee728b)  -> (artifact id: '5068d1c3d129b5d34657525df4234953') in 0.010274 seconds
Number of updated asset objects reloaded before import = 0
Number of asset objects unloaded after import = 3
========================================================================
Received Import Request.
  Time since last request: 0.010893 seconds.
  path: Assets/Sprites/Balance Icon.png
  artifactKey: Guid(b8b6869e66a3716479eb9ba541eb2df0) Importer(815301076,1909f56bfc062723c751e8b465ee728b)
Start importing Assets/Sprites/Balance Icon.png using Guid(b8b6869e66a3716479eb9ba541eb2df0) Importer(815301076,1909f56bfc062723c751e8b465ee728b)  -> (artifact id: 'fe1ad16537d7e978c78d7077f02a0586') in 0.011609 seconds
Number of updated asset objects reloaded before import = 0
Number of asset objects unloaded after import = 3
========================================================================
Received Import Request.
  Time since last request: 0.004313 seconds.
  path: Assets/Sprites/Settings Icon.png
  artifactKey: Guid(19ba562beb3c0ab439da233984d7d6d2) Importer(815301076,1909f56bfc062723c751e8b465ee728b)
Start importing Assets/Sprites/Settings Icon.png using Guid(19ba562beb3c0ab439da233984d7d6d2) Importer(815301076,1909f56bfc062723c751e8b465ee728b)  -> (artifact id: '93b5c5331b168ad13e9fc33149f2686b') in 0.014704 seconds
Number of updated asset objects reloaded before import = 0
Number of asset objects unloaded after import = 3
========================================================================
Received Import Request.
  Time since last request: 0.000017 seconds.
  path: Assets/Sprites/Map Icon.png
  artifactKey: Guid(1b7ae7ab3839dc7449fa0b46040f1355) Importer(815301076,1909f56bfc062723c751e8b465ee728b)
Start importing Assets/Sprites/Map Icon.png using Guid(1b7ae7ab3839dc7449fa0b46040f1355) Importer(815301076,1909f56bfc062723c751e8b465ee728b)  -> (artifact id: '97f3d88c1b7199bf38c6354790cfb9b6') in 0.012192 seconds
Number of updated asset objects reloaded before import = 0
Number of asset objects unloaded after import = 3
========================================================================
Received Import Request.
  Time since last request: 0.000045 seconds.
  path: Assets/Sprites/Quest Icon.png
  artifactKey: Guid(54e8a7059a8d151469c92db48e7a252e) Importer(815301076,1909f56bfc062723c751e8b465ee728b)
Start importing Assets/Sprites/Quest Icon.png using Guid(54e8a7059a8d151469c92db48e7a252e) Importer(815301076,1909f56bfc062723c751e8b465ee728b)  -> (artifact id: 'ee2b31a6bdc904040a44ac7786b1661b') in 0.011903 seconds
Number of updated asset objects reloaded before import = 0
Number of asset objects unloaded after import = 3
========================================================================
Received Import Request.
  Time since last request: 0.000039 seconds.
  path: Assets/Sprites/Speed Icon.png
  artifactKey: Guid(783795f96e1178a4ca59bc4bcfc5994b) Importer(815301076,1909f56bfc062723c751e8b465ee728b)
Start importing Assets/Sprites/Speed Icon.png using Guid(783795f96e1178a4ca59bc4bcfc5994b) Importer(815301076,1909f56bfc062723c751e8b465ee728b)  -> (artifact id: '7a66c0057ac4141582cc8c8fd97a3bda') in 0.014952 seconds
Number of updated asset objects reloaded before import = 0
Number of asset objects unloaded after import = 3
========================================================================
Received Import Request.
  Time since last request: 0.000016 seconds.
  path: Assets/Sprites/Search Icon.png
  artifactKey: Guid(e9f6dfa3651eb1646884b2b900411ee1) Importer(815301076,1909f56bfc062723c751e8b465ee728b)
Start importing Assets/Sprites/Search Icon.png using Guid(e9f6dfa3651eb1646884b2b900411ee1) Importer(815301076,1909f56bfc062723c751e8b465ee728b)  -> (artifact id: 'fe019da6eb8060608c6909d25ed363ce') in 0.009077 seconds
Number of updated asset objects reloaded before import = 0
Number of asset objects unloaded after import = 3
Editor requested this worker to shutdown with reason: Scaling down because of idle timeout
TcpMessagingSession - receive error: operation aborted. errorcode: 995, details: The I/O operation has been aborted because of either a thread exit or an application request.
AssetImportWorker is now disconnected from the server
Process exiting
Exiting without the bug reporter. Application will terminate with return code 0